# JRE version: OpenJDK Runtime Environment Temurin-17.0.5+8 (17.0.5+8) (build 17.0.5+8)
# Java VM: OpenJDK 64-Bit Server VM Temurin-17.0.5+8 (17.0.5+8, mixed mode, sharing, tiered, compressed oops, compressed class ptrs, g1 gc, windows-amd64)
GC Precious Log:
 CPUs: 8 total, 8 available
 Memory: 7930M
 Large Page Support: Disabled
 NUMA Support: Disabled
 Compressed Oops: Enabled (32-bit)
 Heap Region Size: 1M
 Heap Min Capacity: 8M
 Heap Initial Capacity: 124M
 Heap Max Capacity: 1984M
 Pre-touch: Disabled
 Parallel Workers: 8
 Concurrent Workers: 2
 Concurrent Refinement Workers: 8
 Periodic GC: Disabled
Heap:
 garbage-first heap   total 194560K, used 88935K [0x0000000084000000, 0x0000000100000000)
  region size 1024K, 18 young (18432K), 4 survivors (4096K)
 Metaspace       used 55751K, committed 56000K, reserved 1105920K
  class space    used 6335K, committed 6464K, reserved 1048576K
GC Heap History (20 events):
Event: 23.293 GC heap before
{Heap before GC invocations=21 (full 0):
 garbage-first heap   total 102400K, used 80187K [0x0000000084000000, 0x0000000100000000)
  region size 1024K, 27 young (27648K), 4 survivors (4096K)
 Metaspace       used 52160K, committed 52416K, reserved 1097728K
  class space    used 6026K, committed 6144K, reserved 1048576K
}
Event: 23.317 GC heap after
{Heap after GC invocations=22 (full 0):
 garbage-first heap   total 102400K, used 59310K [0x0000000084000000, 0x0000000100000000)
  region size 1024K, 3 young (3072K), 3 survivors (3072K)
 Metaspace       used 52160K, committed 52416K, reserved 1097728K
  class space    used 6026K, committed 6144K, reserved 1048576K
}
Event: 24.925 GC heap before
{Heap before GC invocations=23 (full 0):
 garbage-first heap   total 106496K, used 82862K [0x0000000084000000, 0x0000000100000000)
  region size 1024K, 24 young (24576K), 3 survivors (3072K)
 Metaspace       used 53027K, committed 53376K, reserved 1097728K
  class space    used 6095K, committed 6272K, reserved 1048576K
}
Event: 24.943 GC heap after
{Heap after GC invocations=24 (full 0):
 garbage-first heap   total 106496K, used 63693K [0x0000000084000000, 0x0000000100000000)
  region size 1024K, 3 young (3072K), 3 survivors (3072K)
 Metaspace       used 53027K, committed 53376K, reserved 1097728K
  class space    used 6095K, committed 6272K, reserved 1048576K
}
Event: 25.092 GC heap before
{Heap before GC invocations=24 (full 0):
 garbage-first heap   total 106496K, used 65741K [0x0000000084000000, 0x0000000100000000)
  region size 1024K, 5 young (5120K), 3 survivors (3072K)
 Metaspace       used 53048K, committed 53376K, reserved 1097728K
  class space    used 6095K, committed 6272K, reserved 1048576K
}
Event: 25.104 GC heap after
{Heap after GC invocations=25 (full 0):
 garbage-first heap   total 106496K, used 63707K [0x0000000084000000, 0x0000000100000000)
  region size 1024K, 1 young (1024K), 1 survivors (1024K)
 Metaspace       used 53048K, committed 53376K, reserved 1097728K
  class space    used 6095K, committed 6272K, reserved 1048576K
}
Event: 26.772 GC heap before
{Heap before GC invocations=25 (full 0):
 garbage-first heap   total 106496K, used 85211K [0x0000000084000000, 0x0000000100000000)
  region size 1024K, 22 young (22528K), 1 survivors (1024K)
 Metaspace       used 53927K, committed 54208K, reserved 1097728K
  class space    used 6203K, committed 6336K, reserved 1048576K
}
Event: 26.784 GC heap after
{Heap after GC invocations=26 (full 0):
 garbage-first heap   total 106496K, used 65807K [0x0000000084000000, 0x0000000100000000)
  region size 1024K, 3 young (3072K), 3 survivors (3072K)
 Metaspace       used 53927K, committed 54208K, reserved 1097728K
  class space    used 6203K, committed 6336K, reserved 1048576K
}
Event: 28.602 GC heap before
{Heap before GC invocations=27 (full 0):
 garbage-first heap   total 114688K, used 87311K [0x0000000084000000, 0x0000000100000000)
  region size 1024K, 23 young (23552K), 3 survivors (3072K)
 Metaspace       used 54148K, committed 54464K, reserved 1105920K
  class space    used 6218K, committed 6336K, reserved 1048576K
}
Event: 28.616 GC heap after
{Heap after GC invocations=28 (full 0):
 garbage-first heap   total 114688K, used 68246K [0x0000000084000000, 0x0000000100000000)
  region size 1024K, 3 young (3072K), 3 survivors (3072K)
 Metaspace       used 54148K, committed 54464K, reserved 1105920K
  class space    used 6218K, committed 6336K, reserved 1048576K
}
Event: 28.993 GC heap before
{Heap before GC invocations=28 (full 0):
 garbage-first heap   total 114688K, used 70294K [0x0000000084000000, 0x0000000100000000)
  region size 1024K, 5 young (5120K), 3 survivors (3072K)
 Metaspace       used 54167K, committed 54464K, reserved 1105920K
  class space    used 6218K, committed 6336K, reserved 1048576K
}
Event: 29.005 GC heap after
{Heap after GC invocations=29 (full 0):
 garbage-first heap   total 114688K, used 67983K [0x0000000084000000, 0x0000000100000000)
  region size 1024K, 1 young (1024K), 1 survivors (1024K)
 Metaspace       used 54167K, committed 54464K, reserved 1105920K
  class space    used 6218K, committed 6336K, reserved 1048576K
}
Event: 32.325 GC heap before
{Heap before GC invocations=29 (full 0):
 garbage-first heap   total 114688K, used 92559K [0x0000000084000000, 0x0000000100000000)
  region size 1024K, 25 young (25600K), 1 survivors (1024K)
 Metaspace       used 54620K, committed 54976K, reserved 1105920K
  class space    used 6246K, committed 6400K, reserved 1048576K
}
Event: 32.336 GC heap after
{Heap after GC invocations=30 (full 0):
 garbage-first heap   total 114688K, used 69731K [0x0000000084000000, 0x0000000100000000)
  region size 1024K, 3 young (3072K), 3 survivors (3072K)
 Metaspace       used 54620K, committed 54976K, reserved 1105920K
  class space    used 6246K, committed 6400K, reserved 1048576K
}
Event: 35.020 GC heap before
{Heap before GC invocations=31 (full 0):
 garbage-first heap   total 122880K, used 93283K [0x0000000084000000, 0x0000000100000000)
  region size 1024K, 26 young (26624K), 3 survivors (3072K)
 Metaspace       used 54805K, committed 55104K, reserved 1105920K
  class space    used 6251K, committed 6400K, reserved 1048576K
}
Event: 35.039 GC heap after
{Heap after GC invocations=32 (full 0):
 garbage-first heap   total 122880K, used 72560K [0x0000000084000000, 0x0000000100000000)
  region size 1024K, 4 young (4096K), 4 survivors (4096K)
 Metaspace       used 54805K, committed 55104K, reserved 1105920K
  class space    used 6251K, committed 6400K, reserved 1048576K
}
Event: 35.217 GC heap before
{Heap before GC invocations=32 (full 0):
 garbage-first heap   total 122880K, used 74608K [0x0000000084000000, 0x0000000100000000)
  region size 1024K, 6 young (6144K), 4 survivors (4096K)
 Metaspace       used 54814K, committed 55104K, reserved 1105920K
  class space    used 6251K, committed 6400K, reserved 1048576K
}
Event: 35.237 GC heap after
{Heap after GC invocations=33 (full 0):
 garbage-first heap   total 122880K, used 72916K [0x0000000084000000, 0x0000000100000000)
  region size 1024K, 1 young (1024K), 1 survivors (1024K)
 Metaspace       used 54814K, committed 55104K, reserved 1105920K
  class space    used 6251K, committed 6400K, reserved 1048576K
}
Event: 38.033 GC heap before
{Heap before GC invocations=33 (full 0):
 garbage-first heap   total 122880K, used 100564K [0x0000000084000000, 0x0000000100000000)
  region size 1024K, 28 young (28672K), 1 survivors (1024K)
 Metaspace       used 55110K, committed 55360K, reserved 1105920K
  class space    used 6271K, committed 6400K, reserved 1048576K
}
Event: 38.049 GC heap after
{Heap after GC invocations=34 (full 0):
 garbage-first heap   total 194560K, used 75623K [0x0000000084000000, 0x0000000100000000)
  region size 1024K, 4 young (4096K), 4 survivors (4096K)
 Metaspace       used 55110K, committed 55360K, reserved 1105920K
  class space    used 6271K, committed 6400K, reserved 1048576K
}

